<?xml version="1.0" encoding="UTF-8"?>
<testng-results total="2" passed="1" failed="1" skipped="0">
  <reporter-output>
  </reporter-output>
  <suite started-at="2023-03-19T22:15:01Z" name="Suite" finished-at="2023-03-19T22:15:24Z" duration-ms="23469">
    <groups>
    </groups>
    <test started-at="2023-03-19T22:15:01Z" name="Test" finished-at="2023-03-19T22:15:24Z" duration-ms="23469">
      <class name="ghiblisMovie.RegistrationTest">
        <test-method is-config="true" signature="setUp()[pri:0, instance:ghiblisMovie.RegistrationTest@1500b2f3]" started-at="2023-03-19T22:15:01Z" name="setUp" finished-at="2023-03-19T22:15:06Z" duration-ms="5055" status="PASS">
          <reporter-output>
          </reporter-output>
        </test-method> <!-- setUp -->
        <test-method signature="testRegistration(java.lang.String, java.lang.String, java.lang.String, java.lang.String)[pri:0, instance:ghiblisMovie.RegistrationTest@1500b2f3]" started-at="2023-03-19T22:15:06Z" name="testRegistration" data-provider="registrationData" finished-at="2023-03-19T22:15:17Z" duration-ms="10977" status="PASS">
          <params>
            <param index="0">
              <value>
                <![CDATA[Test1]]>
              </value>
            </param>
            <param index="1">
              <value>
                <![CDATA[Test1]]>
              </value>
            </param>
            <param index="2">
              <value>
                <![CDATA[Test1]]>
              </value>
            </param>
            <param index="3">
              <value>
                <![CDATA[Test1@abc.com]]>
              </value>
            </param>
          </params>
          <reporter-output>
          </reporter-output>
        </test-method> <!-- testRegistration -->
        <test-method is-config="true" signature="tearDown()[pri:0, instance:ghiblisMovie.RegistrationTest@1500b2f3]" started-at="2023-03-19T22:15:17Z" name="tearDown" finished-at="2023-03-19T22:15:17Z" duration-ms="414" status="PASS">
          <reporter-output>
          </reporter-output>
        </test-method> <!-- tearDown -->
      </class> <!-- ghiblisMovie.RegistrationTest -->
      <class name="ghiblisMovie.LoginTest">
        <test-method is-config="true" signature="setUp()[pri:0, instance:ghiblisMovie.LoginTest@7eecb5b8]" started-at="2023-03-19T22:15:17Z" name="setUp" finished-at="2023-03-19T22:15:19Z" duration-ms="2021" status="PASS">
          <reporter-output>
          </reporter-output>
        </test-method> <!-- setUp -->
        <test-method signature="testRegistration(java.lang.String, java.lang.String, java.lang.String)[pri:0, instance:ghiblisMovie.LoginTest@7eecb5b8]" started-at="2023-03-19T22:15:19Z" name="testRegistration" data-provider="loginData" finished-at="2023-03-19T22:15:24Z" duration-ms="4843" status="FAIL">
          <params>
            <param index="0">
              <value>
                <![CDATA[Test1]]>
              </value>
            </param>
            <param index="1">
              <value>
                <![CDATA[Test1]]>
              </value>
            </param>
            <param index="2">
              <value>
                <![CDATA[123]]>
              </value>
            </param>
          </params>
          <exception class="java.lang.AssertionError">
            <message>
              <![CDATA[The word 'You have been loggined in!!!! Choose the course !!!' is not present in the page source. expected [true] but found [false]]]>
            </message>
            <full-stacktrace>
              <![CDATA[java.lang.AssertionError: The word 'You have been loggined in!!!! Choose the course !!!' is not present in the page source. expected [true] but found [false]
	at org.testng.Assert.fail(Assert.java:94)
	at org.testng.Assert.failNotEquals(Assert.java:513)
	at org.testng.Assert.assertTrue(Assert.java:42)
	at ghiblisMovie.LoginTest.testRegistration(LoginTest.java:68)
	at java.base/jdk.internal.reflect.NativeMethodAccessorImpl.invoke0(Native Method)
	at java.base/jdk.internal.reflect.NativeMethodAccessorImpl.invoke(NativeMethodAccessorImpl.java:77)
	at java.base/jdk.internal.reflect.DelegatingMethodAccessorImpl.invoke(DelegatingMethodAccessorImpl.java:43)
	at java.base/java.lang.reflect.Method.invoke(Method.java:568)
	at org.testng.internal.MethodInvocationHelper.invokeMethod(MethodInvocationHelper.java:86)
	at org.testng.internal.Invoker.invokeMethod(Invoker.java:643)
	at org.testng.internal.Invoker.invokeTestMethod(Invoker.java:820)
	at org.testng.internal.Invoker.invokeTestMethods(Invoker.java:1128)
	at org.testng.internal.TestMethodWorker.invokeTestMethods(TestMethodWorker.java:129)
	at org.testng.internal.TestMethodWorker.run(TestMethodWorker.java:112)
	at org.testng.TestRunner.privateRun(TestRunner.java:782)
	at org.testng.TestRunner.run(TestRunner.java:632)
	at org.testng.SuiteRunner.runTest(SuiteRunner.java:366)
	at org.testng.SuiteRunner.runSequentially(SuiteRunner.java:361)
	at org.testng.SuiteRunner.privateRun(SuiteRunner.java:319)
	at org.testng.SuiteRunner.run(SuiteRunner.java:268)
	at org.testng.SuiteRunnerWorker.runSuite(SuiteRunnerWorker.java:52)
	at org.testng.SuiteRunnerWorker.run(SuiteRunnerWorker.java:86)
	at org.testng.TestNG.runSuitesSequentially(TestNG.java:1244)
	at org.testng.TestNG.runSuitesLocally(TestNG.java:1169)
	at org.testng.TestNG.run(TestNG.java:1064)
	at org.apache.maven.surefire.testng.TestNGExecutor.run(TestNGExecutor.java:281)
	at org.apache.maven.surefire.testng.TestNGXmlTestSuite.execute(TestNGXmlTestSuite.java:75)
	at org.apache.maven.surefire.testng.TestNGProvider.invoke(TestNGProvider.java:121)
	at org.apache.maven.surefire.booter.ForkedBooter.invokeProviderInSameClassLoader(ForkedBooter.java:290)
	at org.apache.maven.surefire.booter.ForkedBooter.runSuitesInProcess(ForkedBooter.java:242)
	at org.apache.maven.surefire.booter.ForkedBooter.main(ForkedBooter.java:121)
]]>
            </full-stacktrace>
          </exception> <!-- java.lang.AssertionError -->
          <reporter-output>
          </reporter-output>
        </test-method> <!-- testRegistration -->
        <test-method is-config="true" signature="tearDown()[pri:0, instance:ghiblisMovie.LoginTest@7eecb5b8]" started-at="2023-03-19T22:15:24Z" name="tearDown" finished-at="2023-03-19T22:15:24Z" duration-ms="106" status="PASS">
          <reporter-output>
          </reporter-output>
        </test-method> <!-- tearDown -->
      </class> <!-- ghiblisMovie.LoginTest -->
    </test> <!-- Test -->
  </suite> <!-- Suite -->
</testng-results>
